<?xml version="1.0" encoding="UTF-8"?>
<testsuite name="com.punith.energymap.ui.EnergyCheckInModelsTest" tests="8" skipped="0" failures="0" errors="0" timestamp="2026-06-02T17:10:05.728Z" hostname="punith-Inspiron-14-5410-2-in-1" time="0.252">
  <properties/>
  <testcase name="truncatedNotePreviewCutsOffAfterTwentyWords" classname="com.punith.energymap.ui.EnergyCheckInModelsTest" time="0.133"/>
  <testcase name="defaultNewEnergyLevelUsesLatestOverallScore" classname="com.punith.energymap.ui.EnergyCheckInModelsTest" time="0.004"/>
  <testcase name="previousEntriesAreSortedNewestFirst" classname="com.punith.energymap.ui.EnergyCheckInModelsTest" time="0.084"/>
  <testcase name="truncatedNotePreviewLeavesTwentyWordsIntact" classname="com.punith.energymap.ui.EnergyCheckInModelsTest" time="0.005"/>
  <testcase name="latestTodayEntryIsSelectedAsCurrentEnergy" classname="com.punith.energymap.ui.EnergyCheckInModelsTest" time="0.003"/>
  <testcase name="entriesAreSplitIntoTodayAndPreviousDaysUsingLocalDate" classname="com.punith.energymap.ui.EnergyCheckInModelsTest" time="0.001"/>
  <testcase name="currentEnergyIsNullWhenThereIsNoEntryToday" classname="com.punith.energymap.ui.EnergyCheckInModelsTest" time="0.0"/>
  <testcase name="editingPreservesOriginalTimestamp" classname="com.punith.energymap.ui.EnergyCheckInModelsTest" time="0.001"/>
  <system-out><![CDATA[]]></system-out>
  <system-err><![CDATA[]]></system-err>
</testsuite>
